[2015-01-02 00:16:08.103] [DEBUG] system - signal detected while not running
[2015-01-02 00:16:08.105] [DEBUG] system - rcv::7C8115019C8100578278802A000BAF1B0000FFFFFFFFFF05
[2015-01-02 00:16:10.107] [DEBUG] system - signal detected while not running
[2015-01-02 00:16:10.107] [DEBUG] system - rcv::7C8115019C8100578278802A000BAF1B0000FFFFFFFFFF05
[2015-01-02 00:16:10.526] [DEBUG] system - post ping request : status = sleeping
[2015-01-02 00:16:12.108] [DEBUG] system - signal detected while not running
[2015-01-02 00:16:12.108] [DEBUG] system - rcv::7C8115019C8100578278802A000BAF1B0000FFFFFFFFFF01
[2015-01-02 00:16:14.111] [DEBUG] system - signal detected while not running
[2015-01-02 00:16:14.111] [DEBUG] system - rcv::7C8115019C8100578278802A000BAF1B0000FFFFFFFFFF02
[2015-01-02 00:16:16.113] [DEBUG] system - signal detected while not running
[2015-01-02 00:16:16.113] [DEBUG] system - rcv::7C8115018481005782788106000BD61B040CFFFFFFFFFF03
[2015-01-02 00:16:18.115] [DEBUG] system - signal detected while not running
[2015-01-02 00:16:18.116] [DEBUG] system - rcv::7C8115018481005782788106000BD61B040CFFFFFFFFFF04
[2015-01-02 00:16:20.118] [DEBUG] system - signal detected while not running
[2015-01-02 00:16:20.119] [DEBUG] system - rcv::7C8115019C8100578278802A000BAF1B0800FFFFFFFFFF05
[2015-01-02 00:16:20.528] [DEBUG] system - post ping request : status = sleeping
[2015-01-02 00:16:22.122] [DEBUG] system - signal detected while not running
[2015-01-02 00:16:22.122] [DEBUG] system - rcv::7C8115019C8100578278802A000BAF1B0800FFFFFFFFFF05
[2015-01-02 00:16:24.124] [DEBUG] system - signal detected while not running
[2015-01-02 00:16:24.124] [DEBUG] system - rcv::7C8115019C8100578278802A000BAF1B0C00FFFFFFFFFF05
[2015-01-02 00:16:26.126] [DEBUG] system - signal detected while not running
[2015-01-02 00:16:26.126] [DEBUG] system - rcv::7C8115019C8100578278802A000BAF1B0C00FFFFFFFFFF05
[2015-01-02 00:16:28.127] [DEBUG] system - signal detected while not running
[2015-01-02 00:16:28.127] [DEBUG] system - rcv::7C8115019C8100578278802A000BAF1B0400FFFFFFFFFF05
[2015-01-02 00:16:30.129] [DEBUG] system - signal detected while not running
[2015-01-02 00:16:30.130] [DEBUG] system - rcv::7C8115019C8100578278802A000BAF1B0400FFFFFFFFFF05
[2015-01-02 00:16:30.531] [DEBUG] system - post ping request : status = sleeping
[2015-01-02 00:16:32.132] [DEBUG] system - signal detected while not running
[2015-01-02 00:16:32.133] [DEBUG] system - rcv::7C8115019C8100578278802A000BAF1B0000FFFFFFFFFF05
[2015-01-02 00:16:34.136] [DEBUG] system - signal detected while not running
[2015-01-02 00:16:34.136] [DEBUG] system - rcv::7C8115019C8100578278802A000BAF1B0000FFFFFFFFFF05
[2015-01-02 00:16:36.139] [DEBUG] system - signal detected while not running
[2015-01-02 00:16:36.139] [DEBUG] system - rcv::7C8115019C8100578278802A000BAF1B0000FFFFFFFFFF05
[2015-01-02 00:16:38.142] [DEBUG] system - signal detected while not running
[2015-01-02 00:16:38.142] [DEBUG] system - rcv::7C8115019C8100578278802A000BAF1B0000FFFFFFFFFF05
[2015-01-02 00:16:40.146] [DEBUG] system - signal detected while not running
[2015-01-02 00:16:40.146] [DEBUG] system - rcv::7C8115019C8100578278802A000BAF1B0000FFFFFFFFFF01
[2015-01-02 00:16:40.531] [DEBUG] system - post ping request : status = sleeping
[2015-01-02 00:16:42.149] [DEBUG] system - signal detected while not running
[2015-01-02 00:16:42.149] [DEBUG] system - rcv::7C8115019C8100578278802A000BAF1B0000FFFFFFFFFF02
[2015-01-02 00:16:44.152] [DEBUG] system - signal detected while not running
[2015-01-02 00:16:44.152] [DEBUG] system - rcv::7C8115018481005782788106000BD61B040CFFFFFFFFFF03
[2015-01-02 00:16:46.153] [DEBUG] system - signal detected while not running
[2015-01-02 00:16:46.154] [DEBUG] system - rcv::7C8115018481005782788106000BD61B040CFFFFFFFFFF04
[2015-01-02 00:16:48.157] [DEBUG] system - signal detected while not running
[2015-01-02 00:16:48.157] [DEBUG] system - rcv::7C8115019C8100578278802A000BAF1B0800FFFFFFFFFF05
[2015-01-02 00:16:50.160] [DEBUG] system - signal detected while not running
[2015-01-02 00:16:50.160] [DEBUG] system - rcv::7C8115019C8100578278802A000BAF1B0800FFFFFFFFFF05
[2015-01-02 00:16:50.535] [DEBUG] system - post ping request : status = sleeping
[2015-01-02 00:16:52.162] [DEBUG] system - signal detected while not running
[2015-01-02 00:16:52.162] [DEBUG] system - rcv::7C8115019C8100578278802A000BAF1B0C00FFFFFFFFFF05
[2015-01-02 00:16:54.164] [DEBUG] system - signal detected while not running
[2015-01-02 00:16:54.164] [DEBUG] system - rcv::7C8115019C8100578278802A000BAF1B0C00FFFFFFFFFF05
[2015-01-02 00:16:56.166] [DEBUG] system - signal detected while not running
[2015-01-02 00:16:56.166] [DEBUG] system - rcv::7C8115019C8100578278802A000BAF1B0400FFFFFFFFFF05
[2015-01-02 00:16:58.168] [DEBUG] system - signal detected while not running
[2015-01-02 00:16:58.169] [DEBUG] system - rcv::7C8115019C8100578278802A000BAF1B0400FFFFFFFFFF05
[2015-01-02 00:17:00.172] [DEBUG] system - signal detected while not running
[2015-01-02 00:17:00.172] [DEBUG] system - rcv::7C8115019C8100578278802A000BAF1B0000FFFFFFFFFF05
[2015-01-02 00:17:00.537] [DEBUG] system - post ping request : status = sleeping
[2015-01-02 00:17:02.174] [DEBUG] system - signal detected while not running
[2015-01-02 00:17:02.174] [DEBUG] system - rcv::7C8115019C8100578278802A000BAF1B0000FFFFFFFFFF05
[2015-01-02 00:17:04.176] [DEBUG] system - signal detected while not running
[2015-01-02 00:17:04.176] [DEBUG] system - rcv::7C8115019C8100578278802A000BAF1B0000FFFFFFFFFF05
[2015-01-02 01:17:03.022] [DEBUG] system - signal detected while not running
[2015-01-02 01:17:03.022] [DEBUG] system - rcv::7C8115019C8100578278802A000BAF1B0000FFFFFFFFFF05
[2015-01-02 01:17:05.023] [DEBUG] system - signal detected while not running
[2015-01-02 01:17:05.024] [DEBUG] system - rcv::7C8115019C8100578278802A000BAF1B0000FFFFFFFFFF01
[2015-01-02 01:17:06.974] [DEBUG] system - post ping request : status = sleeping
[2015-01-02 01:17:07.024] [DEBUG] system - signal detected while not running
[2015-01-02 01:17:07.025] [DEBUG] system - rcv::7C8115019C8100578278802A000BAF1B0000FFFFFFFFFF02
[2015-01-02 01:17:09.027] [DEBUG] system - signal detected while not running
[2015-01-02 01:17:09.028] [DEBUG] system - rcv::7C8115018481005782788106000BD61B040CFFFFFFFFFF03
[2015-01-02 01:17:11.030] [DEBUG] system - signal detected while not running
[2015-01-02 01:17:11.030] [DEBUG] system - rcv::7C8115018481005782788106000BD61B040CFFFFFFFFFF04
[2015-01-02 01:17:13.032] [DEBUG] system - signal detected while not running
[2015-01-02 01:17:13.032] [DEBUG] system - rcv::7C8115019C8100578278802A000BAF1B0800FFFFFFFFFF05
[2015-01-02 01:17:15.033] [DEBUG] system - signal detected while not running
[2015-01-02 01:17:15.033] [DEBUG] system - rcv::7C8115019C8100578278802A000BAF1B0800FFFFFFFFFF05
[2015-01-02 01:17:16.977] [DEBUG] system - post ping request : status = sleeping
[2015-01-02 01:17:17.035] [DEBUG] system - signal detected while not running
[2015-01-02 01:17:17.036] [DEBUG] system - rcv::7C8115019C8100578278802A000BAF1B0C00FFFFFFFFFF05
[2015-01-02 01:17:19.039] [DEBUG] system - signal detected while not running
[2015-01-02 01:17:19.039] [DEBUG] system - rcv::7C8115019C8100578278802A000BAF1B0C00FFFFFFFFFF05
[2015-01-02 01:17:21.040] [DEBUG] system - signal detected while not running
[2015-01-02 01:17:21.040] [DEBUG] system - rcv::7C8115019C8100578278802A000BAF1B0400FFFFFFFFFF05
[2015-01-02 01:17:23.043] [DEBUG] system - signal detected while not running
[2015-01-02 01:17:23.043] [DEBUG] system - rcv::7C8115019C8100578278802A000BAF1B0400FFFFFFFFFF05
[2015-01-02 01:17:25.046] [DEBUG] system - signal detected while not running
[2015-01-02 01:17:25.046] [DEBUG] system - rcv::7C8115019C8100578278802A000BAF1B0000FFFFFFFFFF05
[2015-01-02 01:17:26.980] [DEBUG] system - post ping request : status = sleeping
[2015-01-02 01:17:27.049] [DEBUG] system - signal detected while not running
[2015-01-02 01:17:27.049] [DEBUG] system - rcv::7C8115019C8100578278802A000BAF1B0000FFFFFFFFFF05
[2015-01-02 01:17:29.050] [DEBUG] system - signal detected while not running
[2015-01-02 01:17:29.050] [DEBUG] system - rcv::7C8115019C8100578278802A000BAF1B0000FFFFFFFFFF05
[2015-01-02 01:17:31.051] [DEBUG] system - signal detected while not running
[2015-01-02 01:17:31.051] [DEBUG] system - rcv::7C8115019C8100578278802A000BAF1B0000FFFFFFFFFF05
[2015-01-02 01:17:33.053] [DEBUG] system - signal detected while not running
[2015-01-02 01:17:33.053] [DEBUG] system - rcv::7C8115019C8100578278802A000BAF1B0000FFFFFFFFFF01
[2015-01-02 01:17:35.056] [DEBUG] system - signal detected while not running
[2015-01-02 01:17:35.057] [DEBUG] system - rcv::7C8115019C8100578278802A000BAF1B0000FFFFFFFFFF02
[2015-01-02 01:17:36.983] [DEBUG] system - post ping request : status = sleeping
[2015-01-02 01:17:37.059] [DEBUG] system - signal detected while not running
[2015-01-02 01:17:37.060] [DEBUG] system - rcv::7C8115018481005782788106000BD61B040CFFFFFFFFFF03
[2015-01-02 01:17:39.063] [DEBUG] system - signal detected while not running
[2015-01-02 01:17:39.063] [DEBUG] system - rcv::7C8115018481005782788106000BD61B040CFFFFFFFFFF04
[2015-01-02 01:17:41.065] [DEBUG] system - signal detected while not running
[2015-01-02 01:17:41.066] [DEBUG] system - rcv::7C8115019C8100578278802A000BAF1B0800FFFFFFFFFF05
[2015-01-02 01:17:43.066] [DEBUG] system - signal detected while not running
[2015-01-02 01:17:43.066] [DEBUG] system - rcv::7C8115019C8100578278802A000BAF1B0800FFFFFFFFFF05
[2015-01-02 01:17:45.069] [DEBUG] system - signal detected while not running
[2015-01-02 01:17:45.069] [DEBUG] system - rcv::7C8115019C8100578278802A000BAF1B0C00FFFFFFFFFF05
[2015-01-02 01:17:46.986] [DEBUG] system - post ping request : status = sleeping
[2015-01-02 01:17:47.072] [DEBUG] system - signal detected while not running
[2015-01-02 01:17:47.072] [DEBUG] system - rcv::7C8115019C8100578278802A000BAF1B0C00FFFFFFFFFF05
[2015-01-02 01:17:49.075] [DEBUG] system - signal detected while not running
[2015-01-02 01:17:49.075] [DEBUG] system - rcv::7C8115019C8100578278802A000BAF1B0400FFFFFFFFFF05
[2015-01-02 01:17:51.077] [DEBUG] system - signal detected while not running
[2015-01-02 01:17:51.077] [DEBUG] system - rcv::7C8115019C8100578278802A000BAF1B0400FFFFFFFFFF05
[2015-01-02 02:17:49.179] [DEBUG] system - signal detected while not running
[2015-01-02 02:17:49.180] [DEBUG] system - rcv::7C8115019C8100578278802A000BAF1B0000FFFFFFFFFF05
[2015-01-02 02:17:51.182] [DEBUG] system - signal detected while not running
[2015-01-02 02:17:51.182] [DEBUG] system - rcv::7C8115019C8100578278802A000BAF1B0000FFFFFFFFFF05
[2015-01-02 02:17:53.088] [DEBUG] system - post ping request : status = sleeping
[2015-01-02 02:17:53.184] [DEBUG] system - signal detected while not running
[2015-01-02 02:17:53.184] [DEBUG] system - rcv::7C8115019C8100578278802A000BAF1B0000FFFFFFFFFF05
[2015-01-02 02:17:55.187] [DEBUG] system - signal detected while not running
[2015-01-02 02:17:55.187] [DEBUG] system - rcv::7C8115019C8100578278802A000BAF1B0000FFFFFFFFFF05
[2015-01-02 02:17:57.189] [DEBUG] system - signal detected while not running
[2015-01-02 02:17:57.189] [DEBUG] system - rcv::7C8115019C8100578278802A000BAF1B0000FFFFFFFFFF01
[2015-01-02 02:17:59.190] [DEBUG] system - signal detected while not running
[2015-01-02 02:17:59.190] [DEBUG] system - rcv::7C8115019C8100578278802A000BAF1B0000FFFFFFFFFF02
[2015-01-02 02:18:01.192] [DEBUG] system - signal detected while not running
[2015-01-02 02:18:01.192] [DEBUG] system - rcv::7C8115018481005782788106000BD61B040CFFFFFFFFFF03
[2015-01-02 02:18:03.090] [DEBUG] system - post ping request : status = sleeping
[2015-01-02 02:18:03.194] [DEBUG] system - signal detected while not running
[2015-01-02 02:18:03.194] [DEBUG] system - rcv::7C8115018481005782788106000BD61B040CFFFFFFFFFF04
[2015-01-02 02:18:05.197] [DEBUG] system - signal detected while not running
[2015-01-02 02:18:05.197] [DEBUG] system - rcv::7C8115019C8100578278802A000BAF1B0800FFFFFFFFFF05
[2015-01-02 02:18:07.200] [DEBUG] system - signal detected while not running
[2015-01-02 02:18:07.200] [DEBUG] system - rcv::7C8115019C8100578278802A000BAF1B0800FFFFFFFFFF05
[2015-01-02 02:18:09.202] [DEBUG] system - signal detected while not running
[2015-01-02 02:18:09.202] [DEBUG] system - rcv::7C8115019C8100578278802A000BAF1B0C00FFFFFFFFFF05
[2015-01-02 02:18:11.205] [DEBUG] system - signal detected while not running
[2015-01-02 02:18:11.205] [DEBUG] system - rcv::7C8115019C8100578278802A000BAF1B0C00FFFFFFFFFF05
[2015-01-02 02:18:13.091] [DEBUG] system - post ping request : status = sleeping
[2015-01-02 02:18:13.207] [DEBUG] system - signal detected while not running
[2015-01-02 02:18:13.207] [DEBUG] system - rcv::7C8115019C8100578278802A000BAF1B0400FFFFFFFFFF05
[2015-01-02 02:18:15.209] [DEBUG] system - signal detected while not running
[2015-01-02 02:18:15.209] [DEBUG] system - rcv::7C8115019C8100578278802A000BAF1B0400FFFFFFFFFF05
[2015-01-02 02:18:17.212] [DEBUG] system - signal detected while not running
[2015-01-02 02:18:17.212] [DEBUG] system - rcv::7C8115019C8100578278802A000BAF1B0000FFFFFFFFFF05
[2015-01-02 02:18:19.214] [DEBUG] system - signal detected while not running
[2015-01-02 02:18:19.215] [DEBUG] system - rcv::7C8115019C8100578278802A000BAF1B0000FFFFFFFFFF05
[2015-01-02 02:18:21.216] [DEBUG] system - signal detected while not running
[2015-01-02 02:18:21.216] [DEBUG] system - rcv::7C8115019C8100578278802A000BAF1B0000FFFFFFFFFF05
[2015-01-02 02:18:23.096] [DEBUG] system - post ping request : status = sleeping
[2015-01-02 02:18:23.218] [DEBUG] system - signal detected while not running
[2015-01-02 02:18:23.218] [DEBUG] system - rcv::7C8115019C8100578278802A000BAF1B0000FFFFFFFFFF05
[2015-01-02 02:18:25.219] [DEBUG] system - signal detected while not running
[2015-01-02 02:18:25.219] [DEBUG] system - rcv::7C8115019C8100578278802A000BAF1B0000FFFFFFFFFF01
[2015-01-02 02:18:27.221] [DEBUG] system - signal detected while not running
[2015-01-02 02:18:27.221] [DEBUG] system - rcv::7C8115019C8100578278802A000BAF1B0000FFFFFFFFFF02
[2015-01-02 02:18:29.222] [DEBUG] system - signal detected while not running
[2015-01-02 02:18:29.223] [DEBUG] system - rcv::7C8115018481005782788106000BD61B040CFFFFFFFFFF03
[2015-01-02 02:18:31.226] [DEBUG] system - signal detected while not running
[2015-01-02 02:18:31.226] [DEBUG] system - rcv::7C8115018481005782788106000BD61B040CFFFFFFFFFF04
[2015-01-02 02:18:33.098] [DEBUG] system - post ping request : status = sleeping
[2015-01-02 02:18:33.228] [DEBUG] system - signal detected while not running
[2015-01-02 02:18:33.229] [DEBUG] system - rcv::7C8115019C8100578278802A000BAF1B0800FFFFFFFFFF05
[2015-01-02 02:18:35.231] [DEBUG] system - signal detected while not running
[2015-01-02 02:18:35.231] [DEBUG] system - rcv::7C8115019C8100578278802A000BAF1B0800FFFFFFFFFF05
[2015-01-02 02:18:37.233] [DEBUG] system - signal detected while not running
[2015-01-02 02:18:37.234] [DEBUG] system - rcv::7C8115019C8100578278802A000BAF1B0C00FFFFFFFFFF05
[2015-01-02 02:18:39.236] [DEBUG] system - signal detected while not running
[2015-01-02 02:18:39.236] [DEBUG] system - rcv::7C8115019C8100578278802A000BAF1B0C00FFFFFFFFFF05
[2015-01-02 02:18:41.237] [DEBUG] system - signal detected while not running
[2015-01-02 02:18:41.237] [DEBUG] system - rcv::7C8115019C8100578278802A000BAF1B0400FFFFFFFFFF05
[2015-01-02 02:18:43.101] [DEBUG] system - post ping request : status = sleeping
[2015-01-02 02:18:43.239] [DEBUG] system - signal detected while not running
[2015-01-02 02:18:43.239] [DEBUG] system - rcv::7C8115019C8100578278802A000BAF1B0400FFFFFFFFFF05
[2015-01-02 02:18:45.242] [DEBUG] system - signal detected while not running
[2015-01-02 02:18:45.242] [DEBUG] system - rcv::7C8115019C8100578278802A000BAF1B0000FFFFFFFFFF05
[2015-01-02 03:18:42.499] [DEBUG] system - signal detected while not running
[2015-01-02 03:18:42.499] [DEBUG] system - rcv::7C8115019C8100578278802A000BAF1B0000FFFFFFFFFF05
[2015-01-02 03:18:44.502] [DEBUG] system - signal detected while not running
[2015-01-02 03:18:44.502] [DEBUG] system - rcv::7C8115019C8100578278802A000BAF1B0000FFFFFFFFFF05
[2015-01-02 03:18:46.503] [DEBUG] system - signal detected while not running
[2015-01-02 03:18:46.504] [DEBUG] system - rcv::7C8115019C8100578278802A000BAF1B0000FFFFFFFFFF05
[2015-01-02 03:18:47.739] [DEBUG] system - post ping request : status = sleeping
[2015-01-02 03:18:48.507] [DEBUG] system - signal detected while not running
[2015-01-02 03:18:48.507] [DEBUG] system - rcv::7C8115019C8100578278802A000BAF1B0000FFFFFFFFFF01
[2015-01-02 03:18:50.508] [DEBUG] system - signal detected while not running
[2015-01-02 03:18:50.508] [DEBUG] system - rcv::7C8115019C8100578278802A000BAF1B0000FFFFFFFFFF02
[2015-01-02 03:18:52.510] [DEBUG] system - signal detected while not running
[2015-01-02 03:18:52.510] [DEBUG] system - rcv::7C8115018481005782788106000BD61B040CFFFFFFFFFF03
[2015-01-02 03:18:54.512] [DEBUG] system - signal detected while not running
[2015-01-02 03:18:54.512] [DEBUG] system - rcv::7C8115018481005782788106000BD61B040CFFFFFFFFFF04
[2015-01-02 03:18:56.513] [DEBUG] system - signal detected while not running
[2015-01-02 03:18:56.513] [DEBUG] system - rcv::7C8115019C8100578278802A000BAF1B0800FFFFFFFFFF05
[2015-01-02 03:18:57.742] [DEBUG] system - post ping request : status = sleeping
[2015-01-02 03:18:58.515] [DEBUG] system - signal detected while not running
[2015-01-02 03:18:58.515] [DEBUG] system - rcv::7C8115019C8100578278802A000BAF1B0800FFFFFFFFFF05
[2015-01-02 03:19:00.518] [DEBUG] system - signal detected while not running
[2015-01-02 03:19:00.518] [DEBUG] system - rcv::7C8115019C8100578278802A000BAF1B0C00FFFFFFFFFF05
[2015-01-02 03:19:02.519] [DEBUG] system - signal detected while not running
[2015-01-02 03:19:02.519] [DEBUG] system - rcv::7C8115019C8100578278802A000BAF1B0C00FFFFFFFFFF05
[2015-01-02 03:19:04.522] [DEBUG] system - signal detected while not running
[2015-01-02 03:19:04.522] [DEBUG] system - rcv::7C8115019C8100578278802A000BAF1B0400FFFFFFFFFF05
[2015-01-02 03:19:06.524] [DEBUG] system - signal detected while not running
[2015-01-02 03:19:06.524] [DEBUG] system - rcv::7C8115019C8100578278802A000BAF1B0400FFFFFFFFFF05
[2015-01-02 03:19:07.744] [DEBUG] system - post ping request : status = sleeping
[2015-01-02 03:19:08.525] [DEBUG] system - signal detected while not running
[2015-01-02 03:19:08.526] [DEBUG] system - rcv::7C8115019C8100578278802A000BAF1B0000FFFFFFFFFF05
[2015-01-02 03:19:10.528] [DEBUG] system - signal detected while not running
[2015-01-02 03:19:10.528] [DEBUG] system - rcv::7C8115019C8100578278802A000BAF1B0000FFFFFFFFFF05
[2015-01-02 03:19:12.530] [DEBUG] system - signal detected while not running
[2015-01-02 03:19:12.530] [DEBUG] system - rcv::7C8115019C8100578278802A000BAF1B0000FFFFFFFFFF05
[2015-01-02 03:19:14.533] [DEBUG] system - signal detected while not running
[2015-01-02 03:19:14.533] [DEBUG] system - rcv::7C8115019C8100578278802A000BAF1B0000FFFFFFFFFF05
[2015-01-02 03:19:16.534] [DEBUG] system - signal detected while not running
[2015-01-02 03:19:16.534] [DEBUG] system - rcv::7C8115019C8100578278802A000BAF1B0000FFFFFFFFFF01
[2015-01-02 03:19:17.748] [DEBUG] system - post ping request : status = sleeping
[2015-01-02 03:19:18.536] [DEBUG] system - signal detected while not running
[2015-01-02 03:19:18.536] [DEBUG] system - rcv::7C8115019C8100578278802A000BAF1B0000FFFFFFFFFF02
[2015-01-02 03:19:20.539] [DEBUG] system - signal detected while not running
[2015-01-02 03:19:20.539] [DEBUG] system - rcv::7C8115018481005782788106000BD61B040CFFFFFFFFFF03
[2015-01-02 03:19:22.541] [DEBUG] system - signal detected while not running
[2015-01-02 03:19:22.541] [DEBUG] system - rcv::7C8115018481005782788106000BD61B040CFFFFFFFFFF04
[2015-01-02 03:19:24.543] [DEBUG] system - signal detected while not running
[2015-01-02 03:19:24.543] [DEBUG] system - rcv::7C8115019C8100578278802A000BAF1B0800FFFFFFFFFF05
[2015-01-02 03:19:26.545] [DEBUG] system - signal detected while not running
[2015-01-02 03:19:26.545] [DEBUG] system - rcv::7C8115019C8100578278802A000BAF1B0800FFFFFFFFFF05
[2015-01-02 03:19:27.752] [DEBUG] system - post ping request : status = sleeping
[2015-01-02 03:19:28.547] [DEBUG] system - signal detected while not running
[2015-01-02 03:19:28.547] [DEBUG] system - rcv::7C8115019C8100578278802A000BAF1B0C00FFFFFFFFFF05
[2015-01-02 04:19:26.746] [DEBUG] system - signal detected while not running
[2015-01-02 04:19:26.746] [DEBUG] system - rcv::7C8115019C8100578278802A000BAF1B0C00FFFFFFFFFF05
[2015-01-02 04:19:28.748] [DEBUG] system - signal detected while not running
[2015-01-02 04:19:28.748] [DEBUG] system - rcv::7C8115019C8100578278802A000BAF1B0400FFFFFFFFFF05
[2015-01-02 04:19:30.750] [DEBUG] system - signal detected while not running
[2015-01-02 04:19:30.752] [DEBUG] system - rcv::7C8115019C8100578278802A000BAF1B0400FFFFFFFFFF05
[2015-01-02 04:19:32.755] [DEBUG] system - signal detected while not running
[2015-01-02 04:19:32.756] [DEBUG] system - rcv::7C8115019C8100578278802A000BAF1B0000FFFFFFFFFF05
[2015-01-02 04:19:33.950] [DEBUG] system - post ping request : status = sleeping
[2015-01-02 04:19:34.759] [DEBUG] system - signal detected while not running
[2015-01-02 04:19:34.759] [DEBUG] system - rcv::7C8115019C8100578278802A000BAF1B0000FFFFFFFFFF05
[2015-01-02 04:19:36.761] [DEBUG] system - signal detected while not running
[2015-01-02 04:19:36.761] [DEBUG] system - rcv::7C8115019C8100578278802A000BAF1B0000FFFFFFFFFF05
[2015-01-02 04:19:38.763] [DEBUG] system - signal detected while not running
[2015-01-02 04:19:38.763] [DEBUG] system - rcv::7C8115019C8100578278802A000BAF1B0000FFFFFFFFFF05
[2015-01-02 04:19:40.764] [DEBUG] system - signal detected while not running
[2015-01-02 04:19:40.765] [DEBUG] system - rcv::7C8115019C8100578278802A000BAF1B0000FFFFFFFFFF01
[2015-01-02 04:19:42.768] [DEBUG] system - signal detected while not running
[2015-01-02 04:19:42.768] [DEBUG] system - rcv::7C8115019C8100578278802A000BAF1B0000FFFFFFFFFF02
[2015-01-02 04:19:43.952] [DEBUG] system - post ping request : status = sleeping
[2015-01-02 04:19:44.770] [DEBUG] system - signal detected while not running
[2015-01-02 04:19:44.770] [DEBUG] system - rcv::7C8115018481005782788106000BD61B040CFFFFFFFFFF03
[2015-01-02 04:19:46.773] [DEBUG] system - signal detected while not running
[2015-01-02 04:19:46.773] [DEBUG] system - rcv::7C8115018481005782788106000BD61B040CFFFFFFFFFF04
[2015-01-02 04:19:48.775] [DEBUG] system - signal detected while not running
[2015-01-02 04:19:48.775] [DEBUG] system - rcv::7C8115019C8100578278802A000BAF1B0800FFFFFFFFFF05
[2015-01-02 04:19:50.778] [DEBUG] system - signal detected while not running
[2015-01-02 04:19:50.779] [DEBUG] system - rcv::7C8115019C8100578278802A000BAF1B0800FFFFFFFFFF05
[2015-01-02 04:19:52.781] [DEBUG] system - signal detected while not running
[2015-01-02 04:19:52.781] [DEBUG] system - rcv::7C8115019C8100578278802A000BAF1B0C00FFFFFFFFFF05
[2015-01-02 04:19:53.956] [DEBUG] system - post ping request : status = sleeping
[2015-01-02 04:19:54.783] [DEBUG] system - signal detected while not running
[2015-01-02 04:19:54.783] [DEBUG] system - rcv::7C8115019C8100578278802A000BAF1B0C00FFFFFFFFFF05
[2015-01-02 04:19:56.786] [DEBUG] system - signal detected while not running
[2015-01-02 04:19:56.786] [DEBUG] system - rcv::7C8115019C8100578278802A000BAF1B0400FFFFFFFFFF05
[2015-01-02 04:19:58.789] [DEBUG] system - signal detected while not running
[2015-01-02 04:19:58.789] [DEBUG] system - rcv::7C8115019C8100578278802A000BAF1B0400FFFFFFFFFF05
[2015-01-02 04:20:00.791] [DEBUG] system - signal detected while not running
[2015-01-02 04:20:00.791] [DEBUG] system - rcv::7C8115019C8100578278802A000BAF1B0000FFFFFFFFFF05
[2015-01-02 04:20:02.794] [DEBUG] system - signal detected while not running
[2015-01-02 04:20:02.794] [DEBUG] system - rcv::7C8115019C8100578278802A000BAF1B0000FFFFFFFFFF05
[2015-01-02 04:20:03.960] [DEBUG] system - post ping request : status = sleeping
[2015-01-02 04:20:04.797] [DEBUG] system - signal detected while not running
[2015-01-02 04:20:04.797] [DEBUG] system - rcv::7C8115019C8100578278802A000BAF1B0000FFFFFFFFFF05
[2015-01-02 04:20:06.798] [DEBUG] system - signal detected while not running
[2015-01-02 04:20:06.799] [DEBUG] system - rcv::7C8115019C8100578278802A000BAF1B0000FFFFFFFFFF05
[2015-01-02 04:20:08.802] [DEBUG] system - signal detected while not running
[2015-01-02 04:20:08.802] [DEBUG] system - rcv::7C8115019C8100578278802A000BAF1B0000FFFFFFFFFF01
[2015-01-02 04:20:10.805] [DEBUG] system - signal detected while not running
[2015-01-02 04:20:10.805] [DEBUG] system - rcv::7C8115019C8100578278802A000BAF1B0000FFFFFFFFFF02
[2015-01-02 04:20:12.808] [DEBUG] system - signal detected while not running
[2015-01-02 04:20:12.808] [DEBUG] system - rcv::7C8115018481005782788106000BD61B040CFFFFFFFFFF03
[2015-01-02 04:20:13.963] [DEBUG] system - post ping request : status = sleeping
[2015-01-02 04:20:14.811] [DEBUG] system - signal detected while not running
[2015-01-02 04:20:14.812] [DEBUG] system - rcv::7C8115018481005782788106000BD61B040CFFFFFFFFFF04
[2015-01-02 04:20:16.814] [DEBUG] system - signal detected while not running
[2015-01-02 04:20:16.814] [DEBUG] system - rcv::7C8115019C8100578278802A000BAF1B0800FFFFFFFFFF05
[2015-01-02 04:20:18.817] [DEBUG] system - signal detected while not running
[2015-01-02 04:20:18.817] [DEBUG] system - rcv::7C8115019C8100578278802A000BAF1B0800FFFFFFFFFF05
[2015-01-02 04:20:20.820] [DEBUG] system - signal detected while not running
[2015-01-02 04:20:20.820] [DEBUG] system - rcv::7C8115019C8100578278802A000BAF1B0C00FFFFFFFFFF05
[2015-01-02 04:20:22.821] [DEBUG] system - signal detected while not running
[2015-01-02 04:20:22.822] [DEBUG] system - rcv::7C8115019C8100578278802A000BAF1B0C00FFFFFFFFFF05
[2015-01-02 04:20:23.966] [DEBUG] system - post ping request : status = sleeping
